Info: Nothing to build for _template
Info: Nothing to build for ex12-1-1
Info: Nothing to build for ex12-1-2
Info: Nothing to build for ex12-2-1
Info: Nothing to build for ex12-2-2
Info: Nothing to build for ex12-3-1
Info: Nothing to build for ex12-3-2
Info: Nothing to build for ex12-3-3
Info: Nothing to build for ex12-5-1
Info: Nothing to build for ex12-6-1
Info: Nothing to build for pass12-1
Info: Nothing to build for pass12-2
Info: Nothing to build for pass12-3
Info: Nothing to build for pass12-4
Info: Nothing to build for pass12-5
07:52:55 **** Rebuild of configuration exec for project sample12-1 ****
Info: Internal Builder is used for build
gcc -std=c11 -O0 -g3 -Wall -c -fmessage-length=0 -o sample12-1.o ../sample12-1.c 
gcc -o sample12-1 sample12-1.o 
07:52:55 **** Rebuild of configuration exec for project sample12-2 ****
Info: Internal Builder is used for build
gcc -std=c11 -O0 -g3 -Wall -c -fmessage-length=0 -o sample12-2.o ../sample12-2.c 
gcc -o sample12-2 sample12-2.o 
07:52:56 **** Rebuild of configuration exec for project sample12-3 ****
Info: Internal Builder is used for build
gcc -std=c11 -O0 -g3 -Wall -c -fmessage-length=0 -o sample12-3.o ../sample12-3.c 
gcc -o sample12-3 sample12-3.o 
07:52:56 **** Rebuild of configuration exec for project sample12-4 ****
Info: Internal Builder is used for build
gcc -std=c11 -O0 -g3 -Wall -c -fmessage-length=0 -o sample12-4.o ../sample12-4.c 
gcc -o sample12-4 sample12-4.o 
07:52:57 **** Rebuild of configuration exec for project sample12-5 ****
Info: Internal Builder is used for build
gcc -std=c11 -O0 -g3 -Wall -c -fmessage-length=0 -o sample12-5.o ../sample12-5.c 
gcc -o sample12-5 sample12-5.o 
